0 info it worked if it ends with ok
1 verbose cli [ '/usr/local/node-v6.11.2-linux-x64/bin/node',
1 verbose cli   '/usr/local/node-v6.11.2-linux-x64/bin/npm',
1 verbose cli   'start' ]
2 info using npm@3.10.10
3 info using node@v6.11.2
4 verbose run-script [ 'prestart', 'start', 'poststart' ]
5 info lifecycle CourseWeb@0.0.1~prestart: CourseWeb@0.0.1
6 silly lifecycle CourseWeb@0.0.1~prestart: no script for prestart, continuing
7 info lifecycle CourseWeb@0.0.1~start: CourseWeb@0.0.1
8 verbose lifecycle CourseWeb@0.0.1~start: unsafe-perm in lifecycle true
9 verbose lifecycle CourseWeb@0.0.1~start: PATH: /usr/local/node-v6.11.2-linux-x64/lib/node_modules/npm/bin/node-gyp-bin:/home/xzj/桌面/网院/heros/CourseWeb/node_modules/.bin:/home/xzj/.rbenv/plugins/ruby-build/bin:/home/xzj/.rbenv/shims:/home/xzj/.rbenv/bin:/usr/share/atom:/usr/local/node-v6.11.2-linux-x64/bin:/usr/local/mongodb/bin:/usr/local/java/jdk1.8.0_121/bin:/usr/local/node-v6.11.2-linux-x64/bin:/usr/local/java/jdk1.8.0_121/bin:/home/xzj/bin:/home/xzj/.local/bin:/usr/local/node-v6.11.2-linux-x64/bin:/usr/local/mongodb/bin:/usr/local/java/jdk1.8.0_121/bin:/usr/local/sbin:/usr/local/bin:/usr/sbin:/usr/bin:/sbin:/bin:/usr/games:/usr/local/games:/snap/bin:/home/xzj/.rvm/bin:/snap/bin:/home/xzj/.rvm/bin
10 verbose lifecycle CourseWeb@0.0.1~start: CWD: /home/xzj/桌面/网院/heros/CourseWeb
11 silly lifecycle CourseWeb@0.0.1~start: Args: [ '-c', 'ts-node src/app.ts' ]
12 silly lifecycle CourseWeb@0.0.1~start: Returned: code: 1  signal: null
13 info lifecycle CourseWeb@0.0.1~start: Failed to exec start script
14 verbose stack Error: CourseWeb@0.0.1 start: `ts-node src/app.ts`
14 verbose stack Exit status 1
14 verbose stack     at EventEmitter.<anonymous> (/usr/local/node-v6.11.2-linux-x64/lib/node_modules/npm/lib/utils/lifecycle.js:255:16)
14 verbose stack     at emitTwo (events.js:106:13)
14 verbose stack     at EventEmitter.emit (events.js:191:7)
14 verbose stack     at ChildProcess.<anonymous> (/usr/local/node-v6.11.2-linux-x64/lib/node_modules/npm/lib/utils/spawn.js:40:14)
14 verbose stack     at emitTwo (events.js:106:13)
14 verbose stack     at ChildProcess.emit (events.js:191:7)
14 verbose stack     at maybeClose (internal/child_process.js:891:16)
14 verbose stack     at Process.ChildProcess._handle.onexit (internal/child_process.js:226:5)
15 verbose pkgid CourseWeb@0.0.1
16 verbose cwd /home/xzj/桌面/网院/heros/CourseWeb
17 error Linux 4.12.3
18 error argv "/usr/local/node-v6.11.2-linux-x64/bin/node" "/usr/local/node-v6.11.2-linux-x64/bin/npm" "start"
19 error node v6.11.2
20 error npm  v3.10.10
21 error code ELIFECYCLE
22 error CourseWeb@0.0.1 start: `ts-node src/app.ts`
22 error Exit status 1
23 error Failed at the CourseWeb@0.0.1 start script 'ts-node src/app.ts'.
23 error Make sure you have the latest version of node.js and npm installed.
23 error If you do, this is most likely a problem with the CourseWeb package,
23 error not with npm itself.
23 error Tell the author that this fails on your system:
23 error     ts-node src/app.ts
23 error You can get information on how to open an issue for this project with:
23 error     npm bugs CourseWeb
23 error Or if that isn't available, you can get their info via:
23 error     npm owner ls CourseWeb
23 error There is likely additional logging output above.
24 verbose exit [ 1, true ]
